{
  "0 debug pnpm:scope": {
    "selected": 1
  },
  "1 info pnpm": {
    "err": {
      "name": "Error",
      "message": "not found: instal",
      "code": "ENOENT",
      "stack": "Error: not found: instal\n    at getNotFoundError (/usr/local/pnpm-global/4/node_modules/.pnpm/pnpm@6.21.0/node_modules/pnpm/dist/pnpm.cjs:48506:51)\n    at Function.whichSync [as sync] (/usr/local/pnpm-global/4/node_modules/.pnpm/pnpm@6.21.0/node_modules/pnpm/dist/pnpm.cjs:48583:13)\n    at getCommandAbsolutePathSync (/usr/local/pnpm-global/4/node_modules/.pnpm/pnpm@6.21.0/node_modules/pnpm/dist/pnpm.cjs:50148:44)\n    at default_1 (/usr/local/pnpm-global/4/node_modules/.pnpm/pnpm@6.21.0/node_modules/pnpm/dist/pnpm.cjs:50157:32)\n    at /usr/local/pnpm-global/4/node_modules/.pnpm/pnpm@6.21.0/node_modules/pnpm/dist/pnpm.cjs:130032:39"
    }
  },
  "2 error pnpm": {
    "code": "ERR_PNPM_RECURSIVE_EXEC_FIRST_FAIL",
    "prefix": "/home/workspace/reactjs/coding-practices/routingPractice",
    "err": {
      "name": "pnpm",
      "message": "not found: instal",
      "code": "ERR_PNPM_RECURSIVE_EXEC_FIRST_FAIL",
      "stack": "Error: not found: instal\n    at getNotFoundError (/usr/local/pnpm-global/4/node_modules/.pnpm/pnpm@6.21.0/node_modules/pnpm/dist/pnpm.cjs:48506:51)\n    at Function.whichSync [as sync] (/usr/local/pnpm-global/4/node_modules/.pnpm/pnpm@6.21.0/node_modules/pnpm/dist/pnpm.cjs:48583:13)\n    at getCommandAbsolutePathSync (/usr/local/pnpm-global/4/node_modules/.pnpm/pnpm@6.21.0/node_modules/pnpm/dist/pnpm.cjs:50148:44)\n    at default_1 (/usr/local/pnpm-global/4/node_modules/.pnpm/pnpm@6.21.0/node_modules/pnpm/dist/pnpm.cjs:50157:32)\n    at /usr/local/pnpm-global/4/node_modules/.pnpm/pnpm@6.21.0/node_modules/pnpm/dist/pnpm.cjs:130032:39"
    }
  }
}